<?xml version="1.0" encoding="UTF-8"?>
<!-- Generated by org.testng.reporters.JUnitXMLReporter -->
<testsuite hostname="Ty_Nguyen" name="Login BeeCow on Chrome" tests="7" failures="0" timestamp="14 May 2019 04:05:46 GMT" time="18.653" errors="0">
  <testcase name="TC_01_LoginEmptyEmailAndPassWord" time="1.514" classname="com.beecow.testcase.LoginScript"/>
  <testcase name="TC_02_LoginWrongSDT" time="0.34" classname="com.beecow.testcase.LoginScript"/>
  <testcase name="TC_03_LoginWrongEmail" time="0.354" classname="com.beecow.testcase.LoginScript"/>
  <testcase name="TC_04_LogincorrectEmailBlankPassword" time="0.462" classname="com.beecow.testcase.LoginScript"/>
  <testcase name="TC_05_LogincorrectEmailPasswordNotEnoughtCharracter" time="0.246" classname="com.beecow.testcase.LoginScript"/>
  <testcase name="TC_06_LogincorrectEmailWrongPassword" time="0.753" classname="com.beecow.testcase.LoginScript"/>
  <testcase name="TC_07_LoginCorrectEmailSdtAndPassword" time="6.312" classname="com.beecow.testcase.LoginScript"/>
</testsuite> <!-- Login BeeCow on Chrome -->
