<?xml version="1.0" encoding="UTF-8"?>
<testng-results skipped="0" failed="0" total="1" passed="1">
  <reporter-output>
  </reporter-output>
  <suite name="Suite" duration-ms="31212" started-at="2019-05-09T09:48:37Z" finished-at="2019-05-09T09:49:08Z">
    <groups>
    </groups>
    <test name="Login guru on Chrome" duration-ms="31212" started-at="2019-05-09T09:48:37Z" finished-at="2019-05-09T09:49:08Z">
      <class name="com.beecow.testcase.CreateProductScript">
        <test-method status="PASS" signature="BeforeClass(java.lang.String, java.lang.String, java.lang.String)[pri:0, instance:com.beecow.testcase.CreateProductScript@548a9f61]" name="BeforeClass" is-config="true" duration-ms="15019" started-at="2019-05-09T16:48:37Z" finished-at="2019-05-09T16:48:52Z">
          <params>
            <param index="0">
              <value>
                <![CDATA[chrome]]>
              </value>
            </param>
            <param index="1">
              <value>
                <![CDATA[2.46]]>
              </value>
            </param>
            <param index="2">
              <value>
                <![CDATA[https://www.beecow.com]]>
              </value>
            </param>
          </params>
          <reporter-output>
          </reporter-output>
        </test-method> <!-- BeforeClass -->
        <test-method status="PASS" signature="beforeMethod()[pri:0, instance:com.beecow.testcase.CreateProductScript@548a9f61]" name="beforeMethod" is-config="true" duration-ms="2117" started-at="2019-05-09T16:48:52Z" finished-at="2019-05-09T16:48:54Z">
          <reporter-output>
          </reporter-output>
        </test-method> <!-- beforeMethod -->
        <test-method status="PASS" signature="TC_33()[pri:0, instance:com.beecow.testcase.CreateProductScript@548a9f61]" name="TC_33" duration-ms="14059" started-at="2019-05-09T16:48:54Z" finished-at="2019-05-09T16:49:08Z">
          <reporter-output>
          </reporter-output>
        </test-method> <!-- TC_33 -->
        <test-method status="PASS" signature="AfterClass()[pri:0, instance:com.beecow.testcase.CreateProductScript@548a9f61]" name="AfterClass" is-config="true" duration-ms="1" started-at="2019-05-09T16:49:08Z" finished-at="2019-05-09T16:49:08Z">
          <reporter-output>
          </reporter-output>
        </test-method> <!-- AfterClass -->
      </class> <!-- com.beecow.testcase.CreateProductScript -->
    </test> <!-- Login guru on Chrome -->
  </suite> <!-- Suite -->
</testng-results>
