<?xml version="1.0" encoding="UTF-8"?>
<testng-results skipped="0" failed="0" total="1" passed="1">
  <reporter-output>
  </reporter-output>
  <suite name="Suite" duration-ms="29546" started-at="2019-05-07T07:28:26Z" finished-at="2019-05-07T07:28:56Z">
    <groups>
    </groups>
    <test name="Login guru on Chrome" duration-ms="29546" started-at="2019-05-07T07:28:26Z" finished-at="2019-05-07T07:28:56Z">
      <class name="com.beecow.testcase.CreateProductScript">
        <test-method status="PASS" signature="BeforeClass(java.lang.String, java.lang.String, java.lang.String)[pri:0, instance:com.beecow.testcase.CreateProductScript@548a9f61]" name="BeforeClass" is-config="true" duration-ms="17682" started-at="2019-05-07T14:28:26Z" finished-at="2019-05-07T14:28:44Z">
          <params>
            <param index="0">
              <value>
                <![CDATA[chrome]]>
              </value>
            </param>
            <param index="1">
              <value>
                <![CDATA[2.46]]>
              </value>
            </param>
            <param index="2">
              <value>
                <![CDATA[https://www.beecow.com]]>
              </value>
            </param>
          </params>
          <reporter-output>
          </reporter-output>
        </test-method> <!-- BeforeClass -->
        <test-method status="PASS" signature="beforeMethod()[pri:0, instance:com.beecow.testcase.CreateProductScript@548a9f61]" name="beforeMethod" is-config="true" duration-ms="1353" started-at="2019-05-07T14:28:44Z" finished-at="2019-05-07T14:28:45Z">
          <reporter-output>
          </reporter-output>
        </test-method> <!-- beforeMethod -->
        <test-method status="PASS" signature="TC_33()[pri:0, instance:com.beecow.testcase.CreateProductScript@548a9f61]" name="TC_33" duration-ms="10497" started-at="2019-05-07T14:28:45Z" finished-at="2019-05-07T14:28:56Z">
          <reporter-output>
          </reporter-output>
        </test-method> <!-- TC_33 -->
        <test-method status="PASS" signature="AfterClass()[pri:0, instance:com.beecow.testcase.CreateProductScript@548a9f61]" name="AfterClass" is-config="true" duration-ms="0" started-at="2019-05-07T14:28:56Z" finished-at="2019-05-07T14:28:56Z">
          <reporter-output>
          </reporter-output>
        </test-method> <!-- AfterClass -->
      </class> <!-- com.beecow.testcase.CreateProductScript -->
    </test> <!-- Login guru on Chrome -->
  </suite> <!-- Suite -->
</testng-results>
